Build started 11/29/2015 7:00:36 PM.
     1>Project "C:\Users\Justin\Documents\Visual Studio 2015\Projects\GhostPuncher\GhostPuncher\GhostPuncher.vcxproj" on node 2 (Build target(s)).
     1>ClCompile:
         C:\Program Files (x86)\Microsoft Visual Studio 14.0\VC\bin\CL.exe /c /I"C:\Users\Justin\Documents\Visual Studio 2015\Projects\GhostPuncher\includes" /Zi /nologo /W3 /WX- /sdl /O2 /Oi /Oy- /GL /D _MBCS /Gm- /EHsc /MD /GS /Gy /fp:precise /Zc:wchar_t /Zc:forScope /Zc:inline /Fo"Release\\" /Fd"Release\vc140.pdb" /Gd /TP /analyze- /errorReport:prompt Player.cpp
         Player.cpp
     1>Player.cpp(427): warning C4244: 'argument': conversion from 'int' to 'float', possible loss of data
       Link:
         C:\Program Files (x86)\Microsoft Visual Studio 14.0\VC\bin\link.exe /ERRORREPORT:PROMPT /OUT:"C:\Users\Justin\Documents\Visual Studio 2015\Projects\GhostPuncher\Release\GhostPuncher.exe" /NOLOGO /LIBPATH:"C:\Users\Justin\Documents\Visual Studio 2015\Projects\GhostPuncher\libs" sfw.lib kernel32.lib user32.lib gdi32.lib winspool.lib comdlg32.lib advapi32.lib shell32.lib ole32.lib oleaut32.lib uuid.lib odbc32.lib odbccp32.lib kernel32.lib user32.lib gdi32.lib winspool.lib comdlg32.lib advapi32.lib shell32.lib ole32.lib oleaut32.lib uuid.lib odbc32.lib odbccp32.lib /MANIFEST /MANIFESTUAC:"level='asInvoker' uiAccess='false'" /manifest:embed /Debug /PDB:"C:\Users\Justin\Documents\Visual Studio 2015\Projects\GhostPuncher\Release\GhostPuncher.pdb" /OPT:REF /OPT:ICF /LTCG:incremental /TLBID:1 /DYNAMICBASE /NXCOMPAT /IMPLIB:"C:\Users\Justin\Documents\Visual Studio 2015\Projects\GhostPuncher\Release\GhostPuncher.lib" /MACHINE:X86 /SAFESEH Release\AssetLib.obj
         Release\Enemy.obj
         Release\GameLevel.obj
         Release\GameObject.obj
         Release\GameOverScreen.obj
         Release\GameState.obj
         Release\main.obj
         Release\MainMenu.obj
         Release\Player.obj
         Release\Projectile.obj
         Generating code
         2 of 1724 functions ( 0.1%) were compiled, the rest were copied from previous compilation.
           0 functions were new in current compilation
           2 functions had inline decision re-evaluated but remain unchanged
         Finished generating code
         GhostPuncher.vcxproj -> C:\Users\Justin\Documents\Visual Studio 2015\Projects\GhostPuncher\Release\GhostPuncher.exe
     1>Done Building Project "C:\Users\Justin\Documents\Visual Studio 2015\Projects\GhostPuncher\GhostPuncher\GhostPuncher.vcxproj" (Build target(s)).

Build succeeded.

Time Elapsed 00:00:01.99
